Performing C++ SOURCE FILE Test COMPILER_SUPPORTS_CXX11 failed with the following output:
Change Dir: /mnt/dev/evqueue-core/src/build/CMakeFiles/CMakeTmp

Run Build Command:/usr/bin/make "cmTryCompileExec1784333543/fast"
make: *** No rule to make target `cmTryCompileExec1784333543/fast'.  Stop.

Source file was:
int main() { return 0;}
Performing C++ SOURCE FILE Test COMPILER_SUPPORTS_CXX0X failed with the following output:
Change Dir: /mnt/dev/evqueue-core/src/build/CMakeFiles/CMakeTmp

Run Build Command:/usr/bin/make "cmTryCompileExec638046857/fast"
make: *** No rule to make target `cmTryCompileExec638046857/fast'.  Stop.

Source file was:
int main() { return 0;}
Performing C++ SOURCE FILE Test COMPILER_SUPPORTS_CXX0X failed with the following output:
Change Dir: /mnt/dev/evqueue-core/src/build/CMakeFiles/CMakeTmp

Run Build Command:/usr/bin/make "cmTryCompileExec1232409680/fast"
/usr/bin/make -f CMakeFiles/cmTryCompileExec1232409680.dir/build.make CMakeFiles/cmTryCompileExec1232409680.dir/build
make[1]: Entering directory `/mnt/dev/evqueue-core/src/build/CMakeFiles/CMakeTmp'
make[1]: *** No rule to make target `CMakeFiles/cmTryCompileExec1232409680.dir/link.txt', needed by `cmTryCompileExec1232409680'.  Stop.
make[1]: Leaving directory `/mnt/dev/evqueue-core/src/build/CMakeFiles/CMakeTmp'
make: *** [cmTryCompileExec1232409680/fast] Error 2

Source file was:
int main() { return 0;}
